app/build/intermediates/manifest_merge_blame_file/debug/manifest-merger-blame-debug-report.txt
1<?xml version="1.0" encoding="utf-8"?>
2<manifest xmlns:android="http://schemas.android.com/apk/res/android"
3    package="com.example.forall"
4    android:versionCode="1"
5    android:versionName="1.0" >
6
7    <uses-sdk
8        android:minSdkVersion="23"
8-->src\main\AndroidManifest.xml
9        android:targetSdkVersion="29" />
9-->src\main\AndroidManifest.xml
10
11    <uses-permission android:name="android.permission.VIBRATE" />
11-->src\main\AndroidManifest.xml:6:5-65
11-->src\main\AndroidManifest.xml:6:22-63
12    <uses-permission android:name="android.permission.WRITE_EXTERNAL_STORAGE" />
12-->src\main\AndroidManifest.xml:7:5-80
12-->src\main\AndroidManifest.xml:7:22-78
13    <uses-permission android:name="android.permission.READ_EXTERNAL_STORAGE" />
13-->src\main\AndroidManifest.xml:8:5-80
13-->src\main\AndroidManifest.xml:8:22-77
14    <uses-permission android:name="android.permission.RECORD_AUDIO" />
14-->src\main\AndroidManifest.xml:9:5-70
14-->src\main\AndroidManifest.xml:9:22-68
15    <uses-permission android:name="android.permission.CAMERA" />
15-->src\main\AndroidManifest.xml:10:5-64
15-->src\main\AndroidManifest.xml:10:22-62
16    <uses-permission android:name="android.permission.WAKE_LOCK" />
16-->src\main\AndroidManifest.xml:11:5-67
16-->src\main\AndroidManifest.xml:11:22-65
17    <uses-permission android:name="android.permission.FOREGROUND_SERVICE" />
17-->src\main\AndroidManifest.xml:12:5-76
17-->src\main\AndroidManifest.xml:12:22-74
18
19    <uses-feature android:name="android.hardware.camera" />
19-->src\main\AndroidManifest.xml:13:5-59
19-->src\main\AndroidManifest.xml:13:19-57
20    <uses-feature android:name="android.hardware.camera2" />
20-->src\main\AndroidManifest.xml:14:5-60
20-->src\main\AndroidManifest.xml:14:19-58
21
22    <application
22-->src\main\AndroidManifest.xml:16:5-49:19
23        android:allowBackup="true"
23-->src\main\AndroidManifest.xml:19:9-35
24        android:appComponentFactory="androidx.core.app.CoreComponentFactory"
24-->[androidx.core:core:1.1.0] AndroidManifest.xml:24:18-86
25        android:debuggable="true"
26        android:extractNativeLibs="false"
27        android:fullBackupContent="@xml/backup_descriptor"
27-->src\main\AndroidManifest.xml:27:9-59
28        android:hardwareAccelerated="false"
28-->src\main\AndroidManifest.xml:18:9-44
29        android:icon="@mipmap/ic_launcher"
29-->src\main\AndroidManifest.xml:20:9-43
30        android:label="@string/app_name"
30-->src\main\AndroidManifest.xml:21:9-41
31        android:largeHeap="true"
31-->src\main\AndroidManifest.xml:17:9-33
32        android:requestLegacyExternalStorage="true"
32-->src\main\AndroidManifest.xml:26:9-52
33        android:roundIcon="@mipmap/ic_launcher_round"
33-->src\main\AndroidManifest.xml:22:9-54
34        android:supportsRtl="true"
34-->src\main\AndroidManifest.xml:23:9-35
35        android:theme="@style/AppTheme" >
35-->src\main\AndroidManifest.xml:24:9-40
36        <activity
36-->src\main\AndroidManifest.xml:29:9-37:20
37            android:name="com.example.forall.MainActivity"
37-->src\main\AndroidManifest.xml:30:13-41
38            android:screenOrientation="portrait" >
38-->src\main\AndroidManifest.xml:31:13-49
39            <intent-filter>
39-->src\main\AndroidManifest.xml:32:13-36:29
40                <action android:name="android.intent.action.MAIN" />
40-->src\main\AndroidManifest.xml:33:17-69
40-->src\main\AndroidManifest.xml:33:25-66
41
42                <category android:name="android.intent.category.LAUNCHER" />
42-->src\main\AndroidManifest.xml:35:17-77
42-->src\main\AndroidManifest.xml:35:27-74
43            </intent-filter>
44        </activity>
45
46        <service
46-->src\main\AndroidManifest.xml:38:9-48:19
47            android:name="com.example.forall.ServicoAudio"
47-->src\main\AndroidManifest.xml:41:13-40
48            android:enabled="true"
48-->src\main\AndroidManifest.xml:39:13-35
49            android:exported="false"
49-->src\main\AndroidManifest.xml:42:13-37
50            android:label="ServicoAudio"
50-->src\main\AndroidManifest.xml:40:13-41
51            android:stopWithTask="true" >
51-->src\main\AndroidManifest.xml:43:13-40
52            <intent-filter>
52-->src\main\AndroidManifest.xml:44:13-47:29
53                <category android:name="android.intent.category.DEFAULT" />
53-->src\main\AndroidManifest.xml:45:17-75
53-->src\main\AndroidManifest.xml:45:27-73
54
55                <action android:name="ServicodeAudio" />
55-->src\main\AndroidManifest.xml:46:17-56
55-->src\main\AndroidManifest.xml:46:25-54
56            </intent-filter>
57        </service>
58    </application>
59
60</manifest>